app/build/intermediates/manifest_merge_blame_file/debug/manifest-merger-blame-debug-report.txt
1<?xml version="1.0" encoding="utf-8"?>
2<manifest xmlns:android="http://schemas.android.com/apk/res/android"
3    package="com.boxico.android.kn.contactslite"
4    android:versionCode="2"
5    android:versionName="1.0" >
6
7    <uses-sdk
8        android:minSdkVersion="19"
8-->src\main\AndroidManifest.xml
9        android:targetSdkVersion="27" />
9-->src\main\AndroidManifest.xml
10
11    <uses-permission android:name="android.permission.READ_CONTACTS" />
11-->src\main\AndroidManifest.xml:7:5-71
11-->src\main\AndroidManifest.xml:7:22-69
12    <uses-permission android:name="android.permission.CALL_PHONE" />
12-->src\main\AndroidManifest.xml:8:2-66
12-->src\main\AndroidManifest.xml:8:19-63
13    <uses-permission android:name="android.permission.INTERNET" />
13-->src\main\AndroidManifest.xml:9:2-64
13-->src\main\AndroidManifest.xml:9:19-61
14    <uses-permission android:name="android.permission.WRITE_EXTERNAL_STORAGE" />
14-->src\main\AndroidManifest.xml:11:2-78
14-->src\main\AndroidManifest.xml:11:19-75
15    <uses-permission android:name="android.permission.READ_EXTERNAL_STORAGE" />
15-->src\main\AndroidManifest.xml:12:2-77
15-->src\main\AndroidManifest.xml:12:19-74
16    <uses-permission android:name="android.permission.CAMERA" />
16-->src\main\AndroidManifest.xml:13:2-61
16-->src\main\AndroidManifest.xml:13:19-59
17
18    <uses-feature
18-->src\main\AndroidManifest.xml:16:2-17:30
19        android:name="android.hardware.telephony"
19-->src\main\AndroidManifest.xml:16:16-57
20        android:required="false" />
20-->src\main\AndroidManifest.xml:17:3-27
21    <uses-feature
21-->src\main\AndroidManifest.xml:18:2-19:29
22        android:name="android.hardware.touchscreen"
22-->src\main\AndroidManifest.xml:18:16-59
23        android:required="true" />
23-->src\main\AndroidManifest.xml:19:3-26
24
25    <application
25-->src\main\AndroidManifest.xml:22:2-105:16
26        android:allowBackup="true"
26-->src\main\AndroidManifest.xml:27:3-29
27        android:debuggable="true"
28        android:fullBackupContent="@xml/backup_descriptor"
28-->src\main\AndroidManifest.xml:26:3-53
29        android:hardwareAccelerated="false"
29-->src\main\AndroidManifest.xml:28:3-38
30        android:icon="@drawable/ic_launcher"
30-->src\main\AndroidManifest.xml:22:15-51
31        android:label="@string/app_name"
31-->src\main\AndroidManifest.xml:23:3-35
32        android:largeHeap="true"
32-->src\main\AndroidManifest.xml:29:3-27
33        android:supportsRtl="true"
33-->src\main\AndroidManifest.xml:24:3-29
34        android:testOnly="true" >
35        <activity
35-->src\main\AndroidManifest.xml:34:3-42:14
36            android:name="com.boxico.android.kn.contactslite.InitActivity"
36-->src\main\AndroidManifest.xml:34:13-75
37            android:screenOrientation="portrait" >
37-->src\main\AndroidManifest.xml:34:76-112
38            <intent-filter>
38-->src\main\AndroidManifest.xml:35:4-38:20
39                <action android:name="android.intent.action.MAIN" />
39-->src\main\AndroidManifest.xml:36:5-57
39-->src\main\AndroidManifest.xml:36:13-54
40
41                <category android:name="android.intent.category.LAUNCHER" />
41-->src\main\AndroidManifest.xml:37:5-65
41-->src\main\AndroidManifest.xml:37:15-62
42            </intent-filter>
43            <intent-filter>
43-->src\main\AndroidManifest.xml:39:4-41:20
44                <action android:name="android.permission.READ_CONTACTS" />
44-->src\main\AndroidManifest.xml:40:5-63
44-->src\main\AndroidManifest.xml:40:13-60
45            </intent-filter>
46        </activity>
47        <activity
47-->src\main\AndroidManifest.xml:43:3-51:14
48            android:name="com.boxico.android.kn.contactslite.ListadoPersonaActivity"
48-->src\main\AndroidManifest.xml:43:13-85
49            android:screenOrientation="portrait" >
49-->src\main\AndroidManifest.xml:43:86-122
50            <intent-filter>
50-->src\main\AndroidManifest.xml:39:4-41:20
51                <action android:name="android.permission.READ_CONTACTS" />
51-->src\main\AndroidManifest.xml:40:5-63
51-->src\main\AndroidManifest.xml:40:13-60
52            </intent-filter>
53            <intent-filter>
53-->src\main\AndroidManifest.xml:47:4-49:20
54                <action android:name="android.permission.WRITE_EXTERNAL_STORAGE" />
54-->src\main\AndroidManifest.xml:48:5-72
54-->src\main\AndroidManifest.xml:48:13-69
55            </intent-filter>
56        </activity>
57        <activity
57-->src\main\AndroidManifest.xml:52:3-59:14
58            android:name="com.boxico.android.kn.contactslite.DetallePersonaActivity"
58-->src\main\AndroidManifest.xml:52:13-85
59            android:screenOrientation="portrait" >
59-->src\main\AndroidManifest.xml:52:86-122
60            <intent-filter>
60-->src\main\AndroidManifest.xml:53:4-55:20
61                <action android:name="android.permission.CALL_PHONE" />
61-->src\main\AndroidManifest.xml:54:5-60
61-->src\main\AndroidManifest.xml:54:13-57
62            </intent-filter>
63            <intent-filter>
63-->src\main\AndroidManifest.xml:39:4-41:20
64                <action android:name="android.permission.READ_CONTACTS" />
64-->src\main\AndroidManifest.xml:40:5-63
64-->src\main\AndroidManifest.xml:40:13-60
65            </intent-filter>
66        </activity>
67        <activity
67-->src\main\AndroidManifest.xml:60:3-61:14
68            android:name="com.boxico.android.kn.contactslite.ListadoCategoriaActivity"
68-->src\main\AndroidManifest.xml:60:13-87
69            android:screenOrientation="portrait" >
69-->src\main\AndroidManifest.xml:60:88-124
70        </activity>
71        <activity
71-->src\main\AndroidManifest.xml:62:3-65:64
72            android:name="com.boxico.android.kn.contactslite.AltaPersonaActivity"
72-->src\main\AndroidManifest.xml:63:4-73
73            android:screenOrientation="portrait"
73-->src\main\AndroidManifest.xml:64:4-40
74            android:windowSoftInputMode="stateAlwaysHidden|adjustPan" />
74-->src\main\AndroidManifest.xml:65:4-61
75        <activity
75-->src\main\AndroidManifest.xml:67:3-68:14
76            android:name="com.boxico.android.kn.contactslite.AboutMeActivity"
76-->src\main\AndroidManifest.xml:67:13-78
77            android:screenOrientation="portrait" >
77-->src\main\AndroidManifest.xml:67:79-115
78        </activity>
79        <activity
79-->src\main\AndroidManifest.xml:70:3-71:14
80            android:name="com.boxico.android.kn.contactslite.ProteccionCategoriaActivity"
80-->src\main\AndroidManifest.xml:70:13-90
81            android:screenOrientation="portrait" >
81-->src\main\AndroidManifest.xml:70:91-127
82        </activity>
83        <activity
83-->src\main\AndroidManifest.xml:73:3-74:14
84            android:name="com.boxico.android.kn.contactslite.ActivarContraseniaActivity"
84-->src\main\AndroidManifest.xml:73:13-89
85            android:screenOrientation="portrait" >
85-->src\main\AndroidManifest.xml:73:90-126
86        </activity>
87        <activity
87-->src\main\AndroidManifest.xml:76:3-83:14
88            android:name="com.boxico.android.kn.contactslite.PhotoActivity"
88-->src\main\AndroidManifest.xml:76:13-76
89            android:screenOrientation="portrait" >
89-->src\main\AndroidManifest.xml:76:77-113
90            <intent-filter>
90-->src\main\AndroidManifest.xml:77:4-79:20
91                <action android:name="android.permission.READ_EXTERNAL_STORAGE" />
91-->src\main\AndroidManifest.xml:78:5-71
91-->src\main\AndroidManifest.xml:78:13-68
92            </intent-filter>
93            <intent-filter>
93-->src\main\AndroidManifest.xml:47:4-49:20
94                <action android:name="android.permission.WRITE_EXTERNAL_STORAGE" />
94-->src\main\AndroidManifest.xml:48:5-72
94-->src\main\AndroidManifest.xml:48:13-69
95            </intent-filter>
96        </activity>
97        <activity
97-->src\main\AndroidManifest.xml:85:3-90:14
98            android:name="com.boxico.android.kn.contactslite.ImportarContactoActivity"
98-->src\main\AndroidManifest.xml:85:13-87
99            android:screenOrientation="portrait"
99-->src\main\AndroidManifest.xml:85:88-124
100            android:windowSoftInputMode="stateAlwaysHidden|adjustPan" >
100-->src\main\AndroidManifest.xml:86:4-61
101            <intent-filter>
101-->src\main\AndroidManifest.xml:39:4-41:20
102                <action android:name="android.permission.READ_CONTACTS" />
102-->src\main\AndroidManifest.xml:40:5-63
102-->src\main\AndroidManifest.xml:40:13-60
103            </intent-filter>
104        </activity>
105        <activity
105-->src\main\AndroidManifest.xml:92:3-93:14
106            android:name="com.boxico.android.kn.contactslite.MenuPersonaActivity"
106-->src\main\AndroidManifest.xml:92:13-82
107            android:screenOrientation="portrait" >
107-->src\main\AndroidManifest.xml:92:83-119
108        </activity>
109
110        <provider
111            android:name="com.boxico.android.kn.contactslite.util.GenericFileProvider"
111-->src\main\AndroidManifest.xml:96:4-78
112            android:authorities="com.boxico.android.kn.contactslite.provider"
112-->src\main\AndroidManifest.xml:97:4-51
113            android:exported="false"
113-->src\main\AndroidManifest.xml:98:4-28
114            android:grantUriPermissions="true" >
114-->src\main\AndroidManifest.xml:99:4-38
115            <meta-data
115-->src\main\AndroidManifest.xml:100:4-102:45
116                android:name="android.support.FILE_PROVIDER_PATHS"
116-->src\main\AndroidManifest.xml:101:5-55
117                android:resource="@xml/provider_paths" />
117-->src\main\AndroidManifest.xml:102:5-43
118        </provider>
119    </application>
120
121</manifest>